0 info it worked if it ends with ok
1 verbose cli [ '/usr/bin/node', '/usr/bin/npm', 'run', 'deploy' ]
2 info using npm@3.5.2
3 info using node@v8.10.0
4 verbose run-script [ 'predeploy', 'deploy', 'postdeploy' ]
5 info lifecycle curriculum@0.1.0~predeploy: curriculum@0.1.0
6 silly lifecycle curriculum@0.1.0~predeploy: no script for predeploy, continuing
7 info lifecycle curriculum@0.1.0~deploy: curriculum@0.1.0
8 verbose lifecycle curriculum@0.1.0~deploy: unsafe-perm in lifecycle true
9 verbose lifecycle curriculum@0.1.0~deploy: PATH: /usr/share/npm/bin/node-gyp-bin:/home/phe0/Documents/Currículo/React/node_modules/.bin:/usr/local/sbin:/usr/local/bin:/usr/sbin:/usr/bin:/sbin:/bin:/usr/games:/usr/local/games
10 verbose lifecycle curriculum@0.1.0~deploy: CWD: /home/phe0/Documents/Currículo/React
11 silly lifecycle curriculum@0.1.0~deploy: Args: [ '-c', 'npm run build && gh-pages -d build' ]
12 silly lifecycle curriculum@0.1.0~deploy: Returned: code: 1  signal: null
13 info lifecycle curriculum@0.1.0~deploy: Failed to exec deploy script
14 verbose stack Error: curriculum@0.1.0 deploy: `npm run build && gh-pages -d build`
14 verbose stack Exit status 1
14 verbose stack     at EventEmitter.<anonymous> (/usr/share/npm/lib/utils/lifecycle.js:232:16)
14 verbose stack     at emitTwo (events.js:126:13)
14 verbose stack     at EventEmitter.emit (events.js:214:7)
14 verbose stack     at ChildProcess.<anonymous> (/usr/share/npm/lib/utils/spawn.js:24:14)
14 verbose stack     at emitTwo (events.js:126:13)
14 verbose stack     at ChildProcess.emit (events.js:214:7)
14 verbose stack     at maybeClose (internal/child_process.js:925:16)
14 verbose stack     at Process.ChildProcess._handle.onexit (internal/child_process.js:209:5)
15 verbose pkgid curriculum@0.1.0
16 verbose cwd /home/phe0/Documents/Currículo/React
17 error Linux 4.15.0-36-generic
18 error argv "/usr/bin/node" "/usr/bin/npm" "run" "deploy"
19 error node v8.10.0
20 error npm  v3.5.2
21 error code ELIFECYCLE
22 error curriculum@0.1.0 deploy: `npm run build && gh-pages -d build`
22 error Exit status 1
23 error Failed at the curriculum@0.1.0 deploy script 'npm run build && gh-pages -d build'.
23 error Make sure you have the latest version of node.js and npm installed.
23 error If you do, this is most likely a problem with the curriculum package,
23 error not with npm itself.
23 error Tell the author that this fails on your system:
23 error     npm run build && gh-pages -d build
23 error You can get information on how to open an issue for this project with:
23 error     npm bugs curriculum
23 error Or if that isn't available, you can get their info via:
23 error     npm owner ls curriculum
23 error There is likely additional logging output above.
24 verbose exit [ 1, true ]
